<?xml version="1.0" encoding="UTF-8"?>
<robot generator="Robot 7.0 (Python 3.11.0 on win32)" generated="2024-06-24T10:41:27.740814" rpa="false" schemaversion="5">
<suite id="s1" name="Pageobject" source="c:\application\test\pageobject.robot">
<test id="s1-t1" name="rechercheruserok" line="36">
<kw name="openpage" owner="commun">
<kw name="Open Browser" owner="SeleniumLibrary">
<msg time="2024-06-24T10:41:29.048564" level="INFO">Opening browser 'chrome' to base url 'https://opensource-demo.orangehrmlive.com/web/index.php/auth/login'.</msg>
<arg>${url}</arg>
<arg>${browser}</arg>
<doc>Opens a new browser instance to the optional ``url``.</doc>
<status status="PASS" start="2024-06-24T10:41:29.048564" elapsed="4.717926"/>
</kw>
<kw name="Maximize Browser Window" owner="SeleniumLibrary">
<doc>Maximizes current browser window.</doc>
<status status="PASS" start="2024-06-24T10:41:33.766490" elapsed="0.046697"/>
</kw>
<status status="PASS" start="2024-06-24T10:41:29.048564" elapsed="4.764623"/>
</kw>
<kw name="loginok" owner="authentification">
<kw name="Wait Until Element Is Visible" owner="SeleniumLibrary">
<arg>${user}</arg>
<doc>Waits until the element ``locator`` is visible.</doc>
<status status="PASS" start="2024-06-24T10:41:33.821187" elapsed="0.713280"/>
</kw>
<kw name="Input Text" owner="SeleniumLibrary">
<msg time="2024-06-24T10:41:34.542904" level="INFO">Typing text 'admin' into text field 'xpath://input[@name='username']'.</msg>
<arg>${user}</arg>
<arg>${administareur}</arg>
<doc>Types the given ``text`` into the text field identified by ``locator``.</doc>
<status status="PASS" start="2024-06-24T10:41:34.534467" elapsed="0.392779"/>
</kw>
<kw name="Wait Until Element Is Visible" owner="SeleniumLibrary">
<arg>${password}</arg>
<doc>Waits until the element ``locator`` is visible.</doc>
<status status="PASS" start="2024-06-24T10:41:34.944231" elapsed="0.101107"/>
</kw>
<kw name="Input Password" owner="SeleniumLibrary">
<msg time="2024-06-24T10:41:35.053345" level="INFO">Typing password into text field 'xpath://input[@name='password']'.</msg>
<msg time="2024-06-24T10:41:35.143525" level="INFO">Temporally setting log level to: NONE</msg>
<arg>${password}</arg>
<arg>${motpass}</arg>
<doc>Types the given password into the text field identified by ``locator``.</doc>
<status status="PASS" start="2024-06-24T10:41:35.045338" elapsed="0.249097"/>
</kw>
<kw name="Click Element" owner="SeleniumLibrary">
<msg time="2024-06-24T10:41:35.303117" level="INFO">Clicking element 'xpath://button[@type='submit']'.</msg>
<arg>${seconnecter}</arg>
<doc>Click the element identified by ``locator``.</doc>
<status status="PASS" start="2024-06-24T10:41:35.303117" elapsed="0.113071"/>
</kw>
<status status="PASS" start="2024-06-24T10:41:33.821187" elapsed="1.595001"/>
</kw>
<kw name="search" owner="recherche">
<kw name="Wait Until Element Is Visible" owner="SeleniumLibrary">
<arg>${admin}</arg>
<doc>Waits until the element ``locator`` is visible.</doc>
<status status="PASS" start="2024-06-24T10:41:35.424192" elapsed="1.626279"/>
</kw>
<kw name="Click Element" owner="SeleniumLibrary">
<msg time="2024-06-24T10:41:37.057387" level="INFO">Clicking element 'Xpath://a[@href="/web/index.php/admin/viewAdminModule"]'.</msg>
<arg>${admin}</arg>
<doc>Click the element identified by ``locator``.</doc>
<status status="PASS" start="2024-06-24T10:41:37.054622" elapsed="0.983639"/>
</kw>
<kw name="Wait Until Element Is Visible" owner="SeleniumLibrary">
<arg>${uersearch}</arg>
<doc>Waits until the element ``locator`` is visible.</doc>
<status status="PASS" start="2024-06-24T10:41:38.038261" elapsed="0.401160"/>
</kw>
<kw name="Input Text" owner="SeleniumLibrary">
<msg time="2024-06-24T10:41:38.439421" level="INFO">Typing text 'Admin' into text field 'xpath://label[text()='Username']/following::input[@data-v-1f99f73c]'.</msg>
<arg>${uersearch}</arg>
<arg>Admin</arg>
<doc>Types the given ``text`` into the text field identified by ``locator``.</doc>
<status status="PASS" start="2024-06-24T10:41:38.439421" elapsed="0.388453"/>
</kw>
<kw name="Wait Until Element Is Visible" owner="SeleniumLibrary">
<arg>${btsearch}</arg>
<doc>Waits until the element ``locator`` is visible.</doc>
<status status="PASS" start="2024-06-24T10:41:38.827874" elapsed="0.062654"/>
</kw>
<kw name="Click Button" owner="SeleniumLibrary">
<msg time="2024-06-24T10:41:38.890528" level="INFO">Clicking button 'xpath://button[@type="submit" and @class="oxd-button oxd-button--medium oxd-button--secondary orangehrm-left-space"]'.</msg>
<arg>${btsearch}</arg>
<doc>Clicks the button identified by ``locator``.</doc>
<status status="PASS" start="2024-06-24T10:41:38.890528" elapsed="0.127485"/>
</kw>
<kw name="Wait Until Page Contains" owner="SeleniumLibrary">
<arg>Admin</arg>
<doc>Waits until ``text`` appears on the current page.</doc>
<status status="PASS" start="2024-06-24T10:41:39.022059" elapsed="0.026693"/>
</kw>
<status status="PASS" start="2024-06-24T10:41:35.424192" elapsed="3.624560"/>
</kw>
<kw name="Close Browser" owner="SeleniumLibrary">
<doc>Closes the current browser.</doc>
<status status="PASS" start="2024-06-24T10:41:39.057349" elapsed="3.196422"/>
</kw>
<doc>recherche d'un utilisateur</doc>
<tag>rech</tag>
<status status="PASS" start="2024-06-24T10:41:29.048564" elapsed="13.205207"/>
</test>
<status status="PASS" start="2024-06-24T10:41:27.919726" elapsed="14.413246"/>
</suite>
<statistics>
<total>
<stat pass="1" fail="0" skip="0">All Tests</stat>
</total>
<tag>
<stat pass="1" fail="0" skip="0">rech</stat>
</tag>
<suite>
<stat pass="1" fail="0" skip="0" id="s1" name="Pageobject">Pageobject</stat>
</suite>
</statistics>
<errors>
</errors>
</robot>
