<?xml version="1.0" encoding="UTF-8"?>
<robot generator="Robot 7.0 (Python 3.11.0 on win32)" generated="2024-07-18T13:57:44.935783" rpa="false" schemaversion="5">
<suite id="s1" name="Pageobject" source="c:\application\test\pageobject.robot">
<test id="s1-t1" name="authentok" line="11">
<kw name="openpage" owner="commun">
<kw name="Open Browser" owner="SeleniumLibrary">
<msg time="2024-07-18T13:57:45.638836" level="INFO">Opening browser 'chrome' to base url 'https://opensource-demo.orangehrmlive.com/web/index.php/auth/login'.</msg>
<arg>${url}</arg>
<arg>${browser}</arg>
<doc>Opens a new browser instance to the optional ``url``.</doc>
<status status="PASS" start="2024-07-18T13:57:45.638836" elapsed="4.378842"/>
</kw>
<kw name="Maximize Browser Window" owner="SeleniumLibrary">
<doc>Maximizes current browser window.</doc>
<status status="PASS" start="2024-07-18T13:57:50.021679" elapsed="0.063008"/>
</kw>
<status status="PASS" start="2024-07-18T13:57:45.594834" elapsed="4.491854"/>
</kw>
<kw name="loginok" owner="authentification">
<kw name="Wait Until Element Is Visible" owner="SeleniumLibrary">
<arg>${user}</arg>
<doc>Waits until the element ``locator`` is visible.</doc>
<status status="PASS" start="2024-07-18T13:57:50.097686" elapsed="0.676526"/>
</kw>
<kw name="Input Text" owner="SeleniumLibrary">
<msg time="2024-07-18T13:57:50.776208" level="INFO">Typing text 'admin' into text field 'xpath://input[@name='username']'.</msg>
<arg>${user}</arg>
<arg>${administareur}</arg>
<doc>Types the given ``text`` into the text field identified by ``locator``.</doc>
<status status="PASS" start="2024-07-18T13:57:50.775209" elapsed="0.244019"/>
</kw>
<kw name="Wait Until Element Is Visible" owner="SeleniumLibrary">
<arg>${password}</arg>
<doc>Waits until the element ``locator`` is visible.</doc>
<status status="PASS" start="2024-07-18T13:57:51.022228" elapsed="0.058005"/>
</kw>
<kw name="Input Password" owner="SeleniumLibrary">
<msg time="2024-07-18T13:57:51.082233" level="INFO">Typing password into text field 'xpath://input[@name='password']'.</msg>
<msg time="2024-07-18T13:57:51.196246" level="INFO">Temporally setting log level to: NONE</msg>
<arg>${password}</arg>
<arg>${motpass}</arg>
<doc>Types the given password into the text field identified by ``locator``.</doc>
<status status="PASS" start="2024-07-18T13:57:51.081233" elapsed="0.322543"/>
</kw>
<kw name="Click Element" owner="SeleniumLibrary">
<msg time="2024-07-18T13:57:51.409775" level="INFO">Clicking element 'xpath://button[@type='submit']'.</msg>
<arg>${seconnecter}</arg>
<doc>Click the element identified by ``locator``.</doc>
<status status="PASS" start="2024-07-18T13:57:51.407775" elapsed="0.125011"/>
</kw>
<kw name="Title Should Be" owner="SeleniumLibrary">
<msg time="2024-07-18T13:57:52.396845" level="INFO">Page title is 'OrangeHRM'.</msg>
<arg>OrangeHRM</arg>
<doc>Verifies that the current page title equals ``title``.</doc>
<status status="PASS" start="2024-07-18T13:57:51.535787" elapsed="0.861058"/>
</kw>
<status status="PASS" start="2024-07-18T13:57:50.093684" elapsed="2.305163"/>
</kw>
<kw name="Close Browser" owner="SeleniumLibrary">
<doc>Closes the current browser.</doc>
<status status="PASS" start="2024-07-18T13:57:52.400849" elapsed="2.797976"/>
</kw>
<doc>acces avec user et mot de passe valide</doc>
<tag>smokeo</tag>
<status status="PASS" start="2024-07-18T13:57:45.593835" elapsed="9.606995"/>
</test>
<test id="s1-t2" name="authentkop" line="17">
<kw name="openpage" owner="commun">
<kw name="Open Browser" owner="SeleniumLibrary">
<msg time="2024-07-18T13:57:55.219829" level="INFO">Opening browser 'chrome' to base url 'https://opensource-demo.orangehrmlive.com/web/index.php/auth/login'.</msg>
<arg>${url}</arg>
<arg>${browser}</arg>
<doc>Opens a new browser instance to the optional ``url``.</doc>
<status status="PASS" start="2024-07-18T13:57:55.219829" elapsed="4.195072"/>
</kw>
<kw name="Maximize Browser Window" owner="SeleniumLibrary">
<doc>Maximizes current browser window.</doc>
<status status="PASS" start="2024-07-18T13:57:59.421901" elapsed="0.102006"/>
</kw>
<status status="PASS" start="2024-07-18T13:57:55.218829" elapsed="4.306077"/>
</kw>
<kw name="loginkopassword" owner="authentification">
<kw name="Wait Until Element Is Visible" owner="SeleniumLibrary">
<arg>${user}</arg>
<doc>Waits until the element ``locator`` is visible.</doc>
<status status="PASS" start="2024-07-18T13:57:59.526906" elapsed="0.633061"/>
</kw>
<kw name="Input Text" owner="SeleniumLibrary">
<msg time="2024-07-18T13:58:00.161966" level="INFO">Typing text 'admin' into text field 'xpath://input[@name='username']'.</msg>
<arg>${user}</arg>
<arg>${administareur}</arg>
<doc>Types the given ``text`` into the text field identified by ``locator``.</doc>
<status status="PASS" start="2024-07-18T13:58:00.160966" elapsed="0.268020"/>
</kw>
<kw name="Wait Until Element Is Visible" owner="SeleniumLibrary">
<arg>${password}</arg>
<doc>Waits until the element ``locator`` is visible.</doc>
<status status="PASS" start="2024-07-18T13:58:00.431989" elapsed="0.070004"/>
</kw>
<kw name="Input Password" owner="SeleniumLibrary">
<msg time="2024-07-18T13:58:00.503991" level="INFO">Typing password into text field 'xpath://input[@name='password']'.</msg>
<msg time="2024-07-18T13:58:00.584998" level="INFO">Temporally setting log level to: NONE</msg>
<arg>${password}</arg>
<arg>aaaa</arg>
<doc>Types the given password into the text field identified by ``locator``.</doc>
<status status="PASS" start="2024-07-18T13:58:00.502993" elapsed="0.306021"/>
</kw>
<kw name="Click Element" owner="SeleniumLibrary">
<msg time="2024-07-18T13:58:00.816016" level="INFO">Clicking element 'xpath://button[@type='submit']'.</msg>
<arg>${seconnecter}</arg>
<doc>Click the element identified by ``locator``.</doc>
<status status="PASS" start="2024-07-18T13:58:00.814019" elapsed="0.971985"/>
</kw>
<kw name="Wait Until Page Contains" owner="SeleniumLibrary">
<arg>Invalid credentials</arg>
<doc>Waits until ``text`` appears on the current page.</doc>
<status status="PASS" start="2024-07-18T13:58:01.789007" elapsed="0.257528"/>
</kw>
<status status="PASS" start="2024-07-18T13:57:59.525906" elapsed="2.521628"/>
</kw>
<kw name="Close Browser" owner="SeleniumLibrary">
<doc>Closes the current browser.</doc>
<status status="PASS" start="2024-07-18T13:58:02.048531" elapsed="2.671186"/>
</kw>
<doc>mot de passe invalide</doc>
<tag>ko</tag>
<status status="PASS" start="2024-07-18T13:57:55.216830" elapsed="9.506878"/>
</test>
<test id="s1-t3" name="auhentkouser" line="23">
<kw name="openpage" owner="commun">
<kw name="Open Browser" owner="SeleniumLibrary">
<msg time="2024-07-18T13:58:04.733712" level="INFO">Opening browser 'chrome' to base url 'https://opensource-demo.orangehrmlive.com/web/index.php/auth/login'.</msg>
<arg>${url}</arg>
<arg>${browser}</arg>
<doc>Opens a new browser instance to the optional ``url``.</doc>
<status status="PASS" start="2024-07-18T13:58:04.732715" elapsed="2.721431"/>
</kw>
<kw name="Maximize Browser Window" owner="SeleniumLibrary">
<doc>Maximizes current browser window.</doc>
<status status="PASS" start="2024-07-18T13:58:07.459145" elapsed="1.087533"/>
</kw>
<status status="PASS" start="2024-07-18T13:58:04.731713" elapsed="3.815966"/>
</kw>
<kw name="loginkouser" owner="authentification">
<kw name="Wait Until Element Is Visible" owner="SeleniumLibrary">
<arg>${user}</arg>
<doc>Waits until the element ``locator`` is visible.</doc>
<status status="PASS" start="2024-07-18T13:58:08.566679" elapsed="0.625047"/>
</kw>
<kw name="Input Text" owner="SeleniumLibrary">
<msg time="2024-07-18T13:58:09.193725" level="INFO">Typing text 'bbbbb' into text field 'xpath://input[@name='username']'.</msg>
<arg>${user}</arg>
<arg>bbbbb</arg>
<doc>Types the given ``text`` into the text field identified by ``locator``.</doc>
<status status="PASS" start="2024-07-18T13:58:09.192725" elapsed="0.229019"/>
</kw>
<kw name="Wait Until Element Is Visible" owner="SeleniumLibrary">
<arg>${password}</arg>
<doc>Waits until the element ``locator`` is visible.</doc>
<status status="PASS" start="2024-07-18T13:58:09.424746" elapsed="0.069003"/>
</kw>
<kw name="Input Password" owner="SeleniumLibrary">
<msg time="2024-07-18T13:58:09.495749" level="INFO">Typing password into text field 'xpath://input[@name='password']'.</msg>
<msg time="2024-07-18T13:58:09.557753" level="INFO">Temporally setting log level to: NONE</msg>
<arg>${password}</arg>
<arg>aaaa</arg>
<doc>Types the given password into the text field identified by ``locator``.</doc>
<status status="PASS" start="2024-07-18T13:58:09.494749" elapsed="0.253018"/>
</kw>
<kw name="Click Element" owner="SeleniumLibrary">
<msg time="2024-07-18T13:58:09.752769" level="INFO">Clicking element 'xpath://button[@type='submit']'.</msg>
<arg>${seconnecter}</arg>
<doc>Click the element identified by ``locator``.</doc>
<status status="PASS" start="2024-07-18T13:58:09.751770" elapsed="0.574646"/>
</kw>
<kw name="Wait Until Page Contains" owner="SeleniumLibrary">
<arg>Invalid credentials</arg>
<doc>Waits until ``text`` appears on the current page.</doc>
<status status="PASS" start="2024-07-18T13:58:10.329416" elapsed="0.462211"/>
</kw>
<status status="PASS" start="2024-07-18T13:58:08.564680" elapsed="2.227947"/>
</kw>
<kw name="Close Browser" owner="SeleniumLibrary">
<doc>Closes the current browser.</doc>
<status status="PASS" start="2024-07-18T13:58:10.794630" elapsed="3.042934"/>
</kw>
<doc>user non existent</doc>
<tag>ko</tag>
<status status="PASS" start="2024-07-18T13:58:04.729709" elapsed="9.109861"/>
</test>
<test id="s1-t4" name="ajouter" line="29">
<kw name="openpage" owner="commun">
<kw name="Open Browser" owner="SeleniumLibrary">
<msg time="2024-07-18T13:58:13.852571" level="INFO">Opening browser 'chrome' to base url 'https://opensource-demo.orangehrmlive.com/web/index.php/auth/login'.</msg>
<arg>${url}</arg>
<arg>${browser}</arg>
<doc>Opens a new browser instance to the optional ``url``.</doc>
<status status="PASS" start="2024-07-18T13:58:13.851571" elapsed="3.924478"/>
</kw>
<kw name="Maximize Browser Window" owner="SeleniumLibrary">
<doc>Maximizes current browser window.</doc>
<status status="PASS" start="2024-07-18T13:58:17.779050" elapsed="0.065718"/>
</kw>
<status status="PASS" start="2024-07-18T13:58:13.850572" elapsed="3.996194"/>
</kw>
<kw name="loginok" owner="authentification">
<kw name="Wait Until Element Is Visible" owner="SeleniumLibrary">
<arg>${user}</arg>
<doc>Waits until the element ``locator`` is visible.</doc>
<status status="PASS" start="2024-07-18T13:58:17.860765" elapsed="0.638719"/>
</kw>
<kw name="Input Text" owner="SeleniumLibrary">
<msg time="2024-07-18T13:58:18.501481" level="INFO">Typing text 'admin' into text field 'xpath://input[@name='username']'.</msg>
<arg>${user}</arg>
<arg>${administareur}</arg>
<doc>Types the given ``text`` into the text field identified by ``locator``.</doc>
<status status="PASS" start="2024-07-18T13:58:18.500480" elapsed="0.242019"/>
</kw>
<kw name="Wait Until Element Is Visible" owner="SeleniumLibrary">
<arg>${password}</arg>
<doc>Waits until the element ``locator`` is visible.</doc>
<status status="PASS" start="2024-07-18T13:58:18.745497" elapsed="0.059008"/>
</kw>
<kw name="Input Password" owner="SeleniumLibrary">
<msg time="2024-07-18T13:58:18.806503" level="INFO">Typing password into text field 'xpath://input[@name='password']'.</msg>
<msg time="2024-07-18T13:58:18.882508" level="INFO">Temporally setting log level to: NONE</msg>
<arg>${password}</arg>
<arg>${motpass}</arg>
<doc>Types the given password into the text field identified by ``locator``.</doc>
<status status="PASS" start="2024-07-18T13:58:18.805503" elapsed="0.305025"/>
</kw>
<kw name="Click Element" owner="SeleniumLibrary">
<msg time="2024-07-18T13:58:19.115528" level="INFO">Clicking element 'xpath://button[@type='submit']'.</msg>
<arg>${seconnecter}</arg>
<doc>Click the element identified by ``locator``.</doc>
<status status="PASS" start="2024-07-18T13:58:19.114527" elapsed="1.162395"/>
</kw>
<kw name="Title Should Be" owner="SeleniumLibrary">
<msg time="2024-07-18T13:58:20.294917" level="INFO">Page title is 'OrangeHRM'.</msg>
<arg>OrangeHRM</arg>
<doc>Verifies that the current page title equals ``title``.</doc>
<status status="PASS" start="2024-07-18T13:58:20.280919" elapsed="0.013998"/>
</kw>
<status status="PASS" start="2024-07-18T13:58:17.858766" elapsed="2.438153"/>
</kw>
<kw name="ajoutuser" owner="ajoutuser">
<kw name="Get File" owner="OperatingSystem">
<msg time="2024-07-18T13:58:20.302922" level="INFO" html="true">Getting file '&lt;a href="file://C:\application\ressource\JDD\listeuser.csv"&gt;C:\application\ressource\JDD\listeuser.csv&lt;/a&gt;'.</msg>
<msg time="2024-07-18T13:58:20.306921" level="INFO">${file} = role,statut,employer,usernom,mot de passse
Admin,DisabledUser,Thoms Lisdfdsensen,mohfdqamedhdccfh,123456azfsdqd
Admin,Enabled,sfdgfhgsdf  jhvbjh ,ccc,123789azaA
ESS,Disabled,BiBh sdfdfndsf acD,alisdcs...</msg>
<var>${file}</var>
<arg>C:\\application\\ressource\\JDD\\listeuser.csv</arg>
<doc>Returns the contents of a specified file.</doc>
<status status="PASS" start="2024-07-18T13:58:20.301918" elapsed="0.005003"/>
</kw>
<kw name="Evaluate" owner="BuiltIn">
<msg time="2024-07-18T13:58:20.319919" level="INFO">${table} = [['Admin', 'DisabledUser', 'Thoms Lisdfdsensen', 'mohfdqamedhdccfh', '123456azfsdqd'], ['Admin', 'Enabled', 'sfdgfhgsdf  jhvbjh ', 'ccc', '123789azaA'], ['ESS', 'Disabled', 'BiBh sdfdfndsf acD', 'alis...</msg>
<var>${table}</var>
<arg>[line.split(',') for line in $file.splitlines()[1:]]</arg>
<doc>Evaluates the given expression in Python and returns the result.</doc>
<status status="PASS" start="2024-07-18T13:58:20.308921" elapsed="0.010998"/>
</kw>
<for flavor="IN">
<iter>
<kw name="Set Variable" owner="BuiltIn">
<msg time="2024-07-18T13:58:20.334921" level="INFO">${ro} = Admin</msg>
<var>${ro}</var>
<arg>${row}[0]</arg>
<doc>Returns the given values which can then be assigned to a variables.</doc>
<status status="PASS" start="2024-07-18T13:58:20.332922" elapsed="0.001999"/>
</kw>
<kw name="Set Variable" owner="BuiltIn">
<msg time="2024-07-18T13:58:20.340924" level="INFO">${st} = DisabledUser</msg>
<var>${st}</var>
<arg>${row}[1]</arg>
<doc>Returns the given values which can then be assigned to a variables.</doc>
<status status="PASS" start="2024-07-18T13:58:20.338924" elapsed="0.002000"/>
</kw>
<kw name="Set Variable" owner="BuiltIn">
<msg time="2024-07-18T13:58:20.344924" level="INFO">${em} = Thoms Lisdfdsensen</msg>
<var>${em}</var>
<arg>${row}[2]</arg>
<doc>Returns the given values which can then be assigned to a variables.</doc>
<status status="PASS" start="2024-07-18T13:58:20.343924" elapsed="0.001000"/>
</kw>
<kw name="Set Variable" owner="BuiltIn">
<msg time="2024-07-18T13:58:20.350932" level="INFO">${usernom} = mohfdqamedhdccfh</msg>
<var>${usernom}</var>
<arg>${row}[3]</arg>
<doc>Returns the given values which can then be assigned to a variables.</doc>
<status status="PASS" start="2024-07-18T13:58:20.349925" elapsed="0.002000"/>
</kw>
<kw name="Set Variable" owner="BuiltIn">
<msg time="2024-07-18T13:58:20.357923" level="INFO">${motdepass} = 123456azfsdqd</msg>
<var>${motdepass}</var>
<arg>${row[4]}</arg>
<doc>Returns the given values which can then be assigned to a variables.</doc>
<status status="PASS" start="2024-07-18T13:58:20.354924" elapsed="0.002999"/>
</kw>
<kw name="Wait Until Element Is Visible" owner="SeleniumLibrary">
<arg>${admin}</arg>
<doc>Waits until the element ``locator`` is visible.</doc>
<status status="PASS" start="2024-07-18T13:58:20.360924" elapsed="0.536039"/>
</kw>
<kw name="Click Element" owner="SeleniumLibrary">
<msg time="2024-07-18T13:58:20.898964" level="INFO">Clicking element 'Xpath://a[@href="/web/index.php/admin/viewAdminModule"]'.</msg>
<arg>${admin}</arg>
<doc>Click the element identified by ``locator``.</doc>
<status status="PASS" start="2024-07-18T13:58:20.897964" elapsed="1.371115"/>
</kw>
<kw name="Wait Until Element Is Visible" owner="SeleniumLibrary">
<arg>${add}</arg>
<arg>timeout=20s</arg>
<doc>Waits until the element ``locator`` is visible.</doc>
<status status="PASS" start="2024-07-18T13:58:22.274083" elapsed="0.439478"/>
</kw>
<kw name="Click Element" owner="SeleniumLibrary">
<msg time="2024-07-18T13:58:22.716557" level="INFO">Clicking element 'xpath://button[@class="oxd-button oxd-button--medium oxd-button--secondary"]'.</msg>
<arg>${add}</arg>
<doc>Click the element identified by ``locator``.</doc>
<status status="PASS" start="2024-07-18T13:58:22.715560" elapsed="0.612322"/>
</kw>
<kw name="Wait Until Element Is Visible" owner="SeleniumLibrary">
<arg>${role}</arg>
<doc>Waits until the element ``locator`` is visible.</doc>
<status status="PASS" start="2024-07-18T13:58:23.331884" elapsed="0.430258"/>
</kw>
<kw name="Click Element" owner="SeleniumLibrary">
<msg time="2024-07-18T13:58:23.764140" level="INFO">Clicking element 'xpath://div[@class="oxd-select-text-input"]'.</msg>
<arg>${role}</arg>
<doc>Click the element identified by ``locator``.</doc>
<status status="PASS" start="2024-07-18T13:58:23.763143" elapsed="0.105356"/>
</kw>
<kw name="Run Keyword If" owner="BuiltIn">
<kw name="Click Element" owner="SeleniumLibrary">
<msg time="2024-07-18T13:58:23.873498" level="INFO">Clicking element 'xpath://*[contains(text(),"Admin")]'.</msg>
<arg>${Administra}</arg>
<doc>Click the element identified by ``locator``.</doc>
<status status="PASS" start="2024-07-18T13:58:23.872497" elapsed="0.118012"/>
</kw>
<arg>'${ro}' == 'Admin'</arg>
<arg>Click Element</arg>
<arg>${Administra}</arg>
<arg>ELSE</arg>
<arg>Click Element</arg>
<arg>${ESS}</arg>
<doc>Runs the given keyword with the given arguments, if ``condition`` is true.</doc>
<status status="PASS" start="2024-07-18T13:58:23.871497" elapsed="0.122008"/>
</kw>
<kw name="Wait Until Element Is Visible" owner="SeleniumLibrary">
<arg>${status}</arg>
<doc>Waits until the element ``locator`` is visible.</doc>
<status status="PASS" start="2024-07-18T13:58:23.994507" elapsed="0.045002"/>
</kw>
<kw name="Click Element" owner="SeleniumLibrary">
<msg time="2024-07-18T13:58:24.041508" level="INFO">Clicking element 'xpath://label[text()='Status']/following::div[@data-v-67d2aedf ]'.</msg>
<arg>${status}</arg>
<doc>Click the element identified by ``locator``.</doc>
<status status="PASS" start="2024-07-18T13:58:24.040510" elapsed="0.086008"/>
</kw>
<kw name="Run Keyword If" owner="BuiltIn">
<kw name="Click Element" owner="SeleniumLibrary">
<msg time="2024-07-18T13:58:24.138521" level="INFO">Clicking element 'xpath://*[contains(text(),"Disabled")]'.</msg>
<arg>${Disabled}</arg>
<doc>Click the element identified by ``locator``.</doc>
<status status="PASS" start="2024-07-18T13:58:24.138521" elapsed="0.108012"/>
</kw>
<arg>'${st}' == 'Enabled'</arg>
<arg>Click Element</arg>
<arg>${enabled}</arg>
<arg>ELSE</arg>
<arg>Click Element</arg>
<arg>${Disabled}</arg>
<doc>Runs the given keyword with the given arguments, if ``condition`` is true.</doc>
<status status="PASS" start="2024-07-18T13:58:24.136522" elapsed="0.113011"/>
</kw>
<kw name="Input Text" owner="SeleniumLibrary">
<msg time="2024-07-18T13:58:24.251531" level="INFO">Typing text 'mohfdqamedhdccfh' into text field 'xpath://input[@class="oxd-input oxd-input--active" and @autocomplete="off"]'.</msg>
<arg>${username}</arg>
<arg>${usernom}</arg>
<doc>Types the given ``text`` into the text field identified by ``locator``.</doc>
<status status="PASS" start="2024-07-18T13:58:24.250529" elapsed="0.222019"/>
</kw>
<kw name="Wait Until Element Is Visible" owner="SeleniumLibrary">
<arg>${employername}</arg>
<doc>Waits until the element ``locator`` is visible.</doc>
<status status="PASS" start="2024-07-18T13:58:24.475547" elapsed="0.047004"/>
</kw>
<kw name="Input Text" owner="SeleniumLibrary">
<msg time="2024-07-18T13:58:24.524552" level="INFO">Typing text 'Thoms Lisdfdsensen' into text field 'xpath://input[@placeholder="Type for hints..."]'.</msg>
<arg>${employername}</arg>
<arg>${em}</arg>
<doc>Types the given ``text`` into the text field identified by ``locator``.</doc>
<status status="PASS" start="2024-07-18T13:58:24.523551" elapsed="0.213014"/>
</kw>
<kw name="Wait Until Element Is Visible" owner="SeleniumLibrary">
<arg>${passworduser}</arg>
<doc>Waits until the element ``locator`` is visible.</doc>
<status status="PASS" start="2024-07-18T13:58:24.739568" elapsed="0.046003"/>
</kw>
<kw name="Input Password" owner="SeleniumLibrary">
<msg time="2024-07-18T13:58:24.786572" level="INFO">Typing password into text field 'xpath://input[@class="oxd-input oxd-input--active" and @type="password"]'.</msg>
<msg time="2024-07-18T13:58:24.843575" level="INFO">Temporally setting log level to: NONE</msg>
<arg>${passworduser}</arg>
<arg>${motdepass}</arg>
<doc>Types the given password into the text field identified by ``locator``.</doc>
<status status="PASS" start="2024-07-18T13:58:24.785571" elapsed="0.205017"/>
</kw>
<kw name="Wait Until Element Is Visible" owner="SeleniumLibrary">
<arg>${confirmation}</arg>
<doc>Waits until the element ``locator`` is visible.</doc>
<status status="PASS" start="2024-07-18T13:58:24.993588" elapsed="0.047002"/>
</kw>
<kw name="Input Password" owner="SeleniumLibrary">
<msg time="2024-07-18T13:58:25.042589" level="INFO">Typing password into text field 'xpath://label[text()='Confirm Password']/following::input[@type='password'][1]'.</msg>
<msg time="2024-07-18T13:58:25.107595" level="INFO">Temporally setting log level to: NONE</msg>
<arg>${confirmation}</arg>
<arg>${motdepass}</arg>
<doc>Types the given password into the text field identified by ``locator``.</doc>
<status status="PASS" start="2024-07-18T13:58:25.041589" elapsed="0.263020"/>
</kw>
<kw name="Wait Until Element Is Visible" owner="SeleniumLibrary">
<arg>${save}</arg>
<doc>Waits until the element ``locator`` is visible.</doc>
<status status="PASS" start="2024-07-18T13:58:25.307609" elapsed="0.048005"/>
</kw>
<kw name="Click Element" owner="SeleniumLibrary">
<msg time="2024-07-18T13:58:25.357618" level="INFO">Clicking element 'xpath://button[@type="submit" and @class="oxd-button oxd-button--medium oxd-button--secondary orangehrm-left-space"]'.</msg>
<arg>${save}</arg>
<doc>Click the element identified by ``locator``.</doc>
<status status="PASS" start="2024-07-18T13:58:25.356615" elapsed="0.102008"/>
</kw>
<var name="${row}">['Admin', 'DisabledUser', 'Thoms Lisdfdsensen', 'mohfdqamedhdccfh', '123456azfsdqd']</var>
<status status="PASS" start="2024-07-18T13:58:20.328923" elapsed="5.132699"/>
</iter>
<iter>
<kw name="Set Variable" owner="BuiltIn">
<msg time="2024-07-18T13:58:25.464622" level="INFO">${ro} = Admin</msg>
<var>${ro}</var>
<arg>${row}[0]</arg>
<doc>Returns the given values which can then be assigned to a variables.</doc>
<status status="PASS" start="2024-07-18T13:58:25.464622" elapsed="0.000000"/>
</kw>
<kw name="Set Variable" owner="BuiltIn">
<msg time="2024-07-18T13:58:25.476216" level="INFO">${st} = Enabled</msg>
<var>${st}</var>
<arg>${row}[1]</arg>
<doc>Returns the given values which can then be assigned to a variables.</doc>
<status status="PASS" start="2024-07-18T13:58:25.474214" elapsed="0.002002"/>
</kw>
<kw name="Set Variable" owner="BuiltIn">
<msg time="2024-07-18T13:58:25.481215" level="INFO">${em} = sfdgfhgsdf  jhvbjh </msg>
<var>${em}</var>
<arg>${row}[2]</arg>
<doc>Returns the given values which can then be assigned to a variables.</doc>
<status status="PASS" start="2024-07-18T13:58:25.480214" elapsed="0.001001"/>
</kw>
<kw name="Set Variable" owner="BuiltIn">
<msg time="2024-07-18T13:58:25.486218" level="INFO">${usernom} = ccc</msg>
<var>${usernom}</var>
<arg>${row}[3]</arg>
<doc>Returns the given values which can then be assigned to a variables.</doc>
<status status="PASS" start="2024-07-18T13:58:25.485216" elapsed="0.001002"/>
</kw>
<kw name="Set Variable" owner="BuiltIn">
<msg time="2024-07-18T13:58:25.491215" level="INFO">${motdepass} = 123789azaA</msg>
<var>${motdepass}</var>
<arg>${row[4]}</arg>
<doc>Returns the given values which can then be assigned to a variables.</doc>
<status status="PASS" start="2024-07-18T13:58:25.489216" elapsed="0.001999"/>
</kw>
<kw name="Wait Until Element Is Visible" owner="SeleniumLibrary">
<arg>${admin}</arg>
<doc>Waits until the element ``locator`` is visible.</doc>
<status status="PASS" start="2024-07-18T13:58:25.496218" elapsed="0.052004"/>
</kw>
<kw name="Click Element" owner="SeleniumLibrary">
<msg time="2024-07-18T13:58:25.550220" level="INFO">Clicking element 'Xpath://a[@href="/web/index.php/admin/viewAdminModule"]'.</msg>
<arg>${admin}</arg>
<doc>Click the element identified by ``locator``.</doc>
<status status="PASS" start="2024-07-18T13:58:25.549219" elapsed="0.702274"/>
</kw>
<kw name="Wait Until Element Is Visible" owner="SeleniumLibrary">
<arg>${add}</arg>
<arg>timeout=20s</arg>
<doc>Waits until the element ``locator`` is visible.</doc>
<status status="PASS" start="2024-07-18T13:58:26.254495" elapsed="0.499566"/>
</kw>
<kw name="Click Element" owner="SeleniumLibrary">
<msg time="2024-07-18T13:58:26.756063" level="INFO">Clicking element 'xpath://button[@class="oxd-button oxd-button--medium oxd-button--secondary"]'.</msg>
<arg>${add}</arg>
<doc>Click the element identified by ``locator``.</doc>
<status status="PASS" start="2024-07-18T13:58:26.755061" elapsed="0.586096"/>
</kw>
<kw name="Wait Until Element Is Visible" owner="SeleniumLibrary">
<arg>${role}</arg>
<doc>Waits until the element ``locator`` is visible.</doc>
<status status="PASS" start="2024-07-18T13:58:27.346158" elapsed="0.372073"/>
</kw>
<kw name="Click Element" owner="SeleniumLibrary">
<msg time="2024-07-18T13:58:27.719230" level="INFO">Clicking element 'xpath://div[@class="oxd-select-text-input"]'.</msg>
<arg>${role}</arg>
<doc>Click the element identified by ``locator``.</doc>
<status status="PASS" start="2024-07-18T13:58:27.719230" elapsed="0.084007"/>
</kw>
<kw name="Run Keyword If" owner="BuiltIn">
<kw name="Click Element" owner="SeleniumLibrary">
<msg time="2024-07-18T13:58:27.809237" level="INFO">Clicking element 'xpath://*[contains(text(),"Admin")]'.</msg>
<arg>${Administra}</arg>
<doc>Click the element identified by ``locator``.</doc>
<status status="PASS" start="2024-07-18T13:58:27.808238" elapsed="0.081009"/>
</kw>
<arg>'${ro}' == 'Admin'</arg>
<arg>Click Element</arg>
<arg>${Administra}</arg>
<arg>ELSE</arg>
<arg>Click Element</arg>
<arg>${ESS}</arg>
<doc>Runs the given keyword with the given arguments, if ``condition`` is true.</doc>
<status status="PASS" start="2024-07-18T13:58:27.806236" elapsed="0.085007"/>
</kw>
<kw name="Wait Until Element Is Visible" owner="SeleniumLibrary">
<arg>${status}</arg>
<doc>Waits until the element ``locator`` is visible.</doc>
<status status="PASS" start="2024-07-18T13:58:27.893244" elapsed="0.037003"/>
</kw>
<kw name="Click Element" owner="SeleniumLibrary">
<msg time="2024-07-18T13:58:27.931246" level="INFO">Clicking element 'xpath://label[text()='Status']/following::div[@data-v-67d2aedf ]'.</msg>
<arg>${status}</arg>
<doc>Click the element identified by ``locator``.</doc>
<status status="PASS" start="2024-07-18T13:58:27.931246" elapsed="0.070007"/>
</kw>
<kw name="Run Keyword If" owner="BuiltIn">
<kw name="Click Element" owner="SeleniumLibrary">
<msg time="2024-07-18T13:58:28.012252" level="INFO">Clicking element 'xpath://*[contains(text(),"Enabled")]'.</msg>
<arg>${enabled}</arg>
<doc>Click the element identified by ``locator``.</doc>
<status status="PASS" start="2024-07-18T13:58:28.011253" elapsed="0.095009"/>
</kw>
<arg>'${st}' == 'Enabled'</arg>
<arg>Click Element</arg>
<arg>${enabled}</arg>
<arg>ELSE</arg>
<arg>Click Element</arg>
<arg>${Disabled}</arg>
<doc>Runs the given keyword with the given arguments, if ``condition`` is true.</doc>
<status status="PASS" start="2024-07-18T13:58:28.010252" elapsed="0.099008"/>
</kw>
<kw name="Input Text" owner="SeleniumLibrary">
<msg time="2024-07-18T13:58:28.111260" level="INFO">Typing text 'ccc' into text field 'xpath://input[@class="oxd-input oxd-input--active" and @autocomplete="off"]'.</msg>
<arg>${username}</arg>
<arg>${usernom}</arg>
<doc>Types the given ``text`` into the text field identified by ``locator``.</doc>
<status status="PASS" start="2024-07-18T13:58:28.110259" elapsed="0.172015"/>
</kw>
<kw name="Wait Until Element Is Visible" owner="SeleniumLibrary">
<arg>${employername}</arg>
<doc>Waits until the element ``locator`` is visible.</doc>
<status status="PASS" start="2024-07-18T13:58:28.285274" elapsed="0.037002"/>
</kw>
<kw name="Input Text" owner="SeleniumLibrary">
<msg time="2024-07-18T13:58:28.324275" level="INFO">Typing text 'sfdgfhgsdf  jhvbjh ' into text field 'xpath://input[@placeholder="Type for hints..."]'.</msg>
<arg>${employername}</arg>
<arg>${em}</arg>
<doc>Types the given ``text`` into the text field identified by ``locator``.</doc>
<status status="PASS" start="2024-07-18T13:58:28.323275" elapsed="0.223026"/>
</kw>
<kw name="Wait Until Element Is Visible" owner="SeleniumLibrary">
<arg>${passworduser}</arg>
<doc>Waits until the element ``locator`` is visible.</doc>
<status status="PASS" start="2024-07-18T13:58:28.550294" elapsed="0.046438"/>
</kw>
<kw name="Input Password" owner="SeleniumLibrary">
<msg time="2024-07-18T13:58:28.598732" level="INFO">Typing password into text field 'xpath://input[@class="oxd-input oxd-input--active" and @type="password"]'.</msg>
<msg time="2024-07-18T13:58:28.666737" level="INFO">Temporally setting log level to: NONE</msg>
<arg>${passworduser}</arg>
<arg>${motdepass}</arg>
<doc>Types the given password into the text field identified by ``locator``.</doc>
<status status="PASS" start="2024-07-18T13:58:28.597732" elapsed="0.192020"/>
</kw>
<kw name="Wait Until Element Is Visible" owner="SeleniumLibrary">
<arg>${confirmation}</arg>
<doc>Waits until the element ``locator`` is visible.</doc>
<status status="PASS" start="2024-07-18T13:58:28.792847" elapsed="0.038001"/>
</kw>
<kw name="Input Password" owner="SeleniumLibrary">
<msg time="2024-07-18T13:58:28.831848" level="INFO">Typing password into text field 'xpath://label[text()='Confirm Password']/following::input[@type='password'][1]'.</msg>
<msg time="2024-07-18T13:58:28.886852" level="INFO">Temporally setting log level to: NONE</msg>
<arg>${confirmation}</arg>
<arg>${motdepass}</arg>
<doc>Types the given password into the text field identified by ``locator``.</doc>
<status status="PASS" start="2024-07-18T13:58:28.830848" elapsed="0.177013"/>
</kw>
<kw name="Wait Until Element Is Visible" owner="SeleniumLibrary">
<arg>${save}</arg>
<doc>Waits until the element ``locator`` is visible.</doc>
<status status="PASS" start="2024-07-18T13:58:29.010862" elapsed="0.036022"/>
</kw>
<kw name="Click Element" owner="SeleniumLibrary">
<msg time="2024-07-18T13:58:29.048885" level="INFO">Clicking element 'xpath://button[@type="submit" and @class="oxd-button oxd-button--medium oxd-button--secondary orangehrm-left-space"]'.</msg>
<arg>${save}</arg>
<doc>Click the element identified by ``locator``.</doc>
<status status="PASS" start="2024-07-18T13:58:29.047885" elapsed="0.076005"/>
</kw>
<var name="${row}">['Admin', 'Enabled', 'sfdgfhgsdf  jhvbjh ', 'ccc', '123789azaA']</var>
<status status="PASS" start="2024-07-18T13:58:25.463623" elapsed="3.664378"/>
</iter>
<iter>
<kw name="Set Variable" owner="BuiltIn">
<msg time="2024-07-18T13:58:29.131890" level="INFO">${ro} = ESS</msg>
<var>${ro}</var>
<arg>${row}[0]</arg>
<doc>Returns the given values which can then be assigned to a variables.</doc>
<status status="PASS" start="2024-07-18T13:58:29.130891" elapsed="0.000999"/>
</kw>
<kw name="Set Variable" owner="BuiltIn">
<msg time="2024-07-18T13:58:29.135891" level="INFO">${st} = Disabled</msg>
<var>${st}</var>
<arg>${row}[1]</arg>
<doc>Returns the given values which can then be assigned to a variables.</doc>
<status status="PASS" start="2024-07-18T13:58:29.134890" elapsed="0.001001"/>
</kw>
<kw name="Set Variable" owner="BuiltIn">
<msg time="2024-07-18T13:58:29.139893" level="INFO">${em} = BiBh sdfdfndsf acD</msg>
<var>${em}</var>
<arg>${row}[2]</arg>
<doc>Returns the given values which can then be assigned to a variables.</doc>
<status status="PASS" start="2024-07-18T13:58:29.137892" elapsed="0.002001"/>
</kw>
<kw name="Set Variable" owner="BuiltIn">
<msg time="2024-07-18T13:58:29.143893" level="INFO">${usernom} = alisdcsdhs</msg>
<var>${usernom}</var>
<arg>${row}[3]</arg>
<doc>Returns the given values which can then be assigned to a variables.</doc>
<status status="PASS" start="2024-07-18T13:58:29.142892" elapsed="0.001001"/>
</kw>
<kw name="Set Variable" owner="BuiltIn">
<msg time="2024-07-18T13:58:29.151565" level="INFO">${motdepass} = sqdqgfqsf112</msg>
<var>${motdepass}</var>
<arg>${row[4]}</arg>
<doc>Returns the given values which can then be assigned to a variables.</doc>
<status status="PASS" start="2024-07-18T13:58:29.147893" elapsed="0.004667"/>
</kw>
<kw name="Wait Until Element Is Visible" owner="SeleniumLibrary">
<arg>${admin}</arg>
<doc>Waits until the element ``locator`` is visible.</doc>
<status status="PASS" start="2024-07-18T13:58:29.155559" elapsed="0.046003"/>
</kw>
<kw name="Click Element" owner="SeleniumLibrary">
<msg time="2024-07-18T13:58:29.203562" level="INFO">Clicking element 'Xpath://a[@href="/web/index.php/admin/viewAdminModule"]'.</msg>
<arg>${admin}</arg>
<doc>Click the element identified by ``locator``.</doc>
<status status="PASS" start="2024-07-18T13:58:29.202563" elapsed="0.765239"/>
</kw>
<kw name="Wait Until Element Is Visible" owner="SeleniumLibrary">
<arg>${add}</arg>
<arg>timeout=20s</arg>
<doc>Waits until the element ``locator`` is visible.</doc>
<status status="PASS" start="2024-07-18T13:58:29.974804" elapsed="0.512075"/>
</kw>
<kw name="Click Element" owner="SeleniumLibrary">
<msg time="2024-07-18T13:58:30.489881" level="INFO">Clicking element 'xpath://button[@class="oxd-button oxd-button--medium oxd-button--secondary"]'.</msg>
<arg>${add}</arg>
<doc>Click the element identified by ``locator``.</doc>
<status status="PASS" start="2024-07-18T13:58:30.488883" elapsed="0.744194"/>
</kw>
<kw name="Wait Until Element Is Visible" owner="SeleniumLibrary">
<arg>${role}</arg>
<doc>Waits until the element ``locator`` is visible.</doc>
<status status="PASS" start="2024-07-18T13:58:31.236078" elapsed="0.360081"/>
</kw>
<kw name="Click Element" owner="SeleniumLibrary">
<msg time="2024-07-18T13:58:31.597158" level="INFO">Clicking element 'xpath://div[@class="oxd-select-text-input"]'.</msg>
<arg>${role}</arg>
<doc>Click the element identified by ``locator``.</doc>
<status status="PASS" start="2024-07-18T13:58:31.597158" elapsed="0.083009"/>
</kw>
<kw name="Run Keyword If" owner="BuiltIn">
<kw name="Click Element" owner="SeleniumLibrary">
<msg time="2024-07-18T13:58:31.687167" level="INFO">Clicking element 'xpath://*[contains(text(),"ESS")]'.</msg>
<arg>${ESS}</arg>
<doc>Click the element identified by ``locator``.</doc>
<status status="PASS" start="2024-07-18T13:58:31.686166" elapsed="0.100011"/>
</kw>
<arg>'${ro}' == 'Admin'</arg>
<arg>Click Element</arg>
<arg>${Administra}</arg>
<arg>ELSE</arg>
<arg>Click Element</arg>
<arg>${ESS}</arg>
<doc>Runs the given keyword with the given arguments, if ``condition`` is true.</doc>
<status status="PASS" start="2024-07-18T13:58:31.684169" elapsed="0.105006"/>
</kw>
<kw name="Wait Until Element Is Visible" owner="SeleniumLibrary">
<arg>${status}</arg>
<doc>Waits until the element ``locator`` is visible.</doc>
<status status="PASS" start="2024-07-18T13:58:31.790178" elapsed="0.039000"/>
</kw>
<kw name="Click Element" owner="SeleniumLibrary">
<msg time="2024-07-18T13:58:31.830178" level="INFO">Clicking element 'xpath://label[text()='Status']/following::div[@data-v-67d2aedf ]'.</msg>
<arg>${status}</arg>
<doc>Click the element identified by ``locator``.</doc>
<status status="PASS" start="2024-07-18T13:58:31.830178" elapsed="0.079010"/>
</kw>
<kw name="Run Keyword If" owner="BuiltIn">
<kw name="Click Element" owner="SeleniumLibrary">
<msg time="2024-07-18T13:58:31.914182" level="INFO">Clicking element 'xpath://*[contains(text(),"Disabled")]'.</msg>
<arg>${Disabled}</arg>
<doc>Click the element identified by ``locator``.</doc>
<status status="PASS" start="2024-07-18T13:58:31.914182" elapsed="0.078007"/>
</kw>
<arg>'${st}' == 'Enabled'</arg>
<arg>Click Element</arg>
<arg>${enabled}</arg>
<arg>ELSE</arg>
<arg>Click Element</arg>
<arg>${Disabled}</arg>
<doc>Runs the given keyword with the given arguments, if ``condition`` is true.</doc>
<status status="PASS" start="2024-07-18T13:58:31.912183" elapsed="0.083006"/>
</kw>
<kw name="Input Text" owner="SeleniumLibrary">
<msg time="2024-07-18T13:58:31.997191" level="INFO">Typing text 'alisdcsdhs' into text field 'xpath://input[@class="oxd-input oxd-input--active" and @autocomplete="off"]'.</msg>
<arg>${username}</arg>
<arg>${usernom}</arg>
<doc>Types the given ``text`` into the text field identified by ``locator``.</doc>
<status status="PASS" start="2024-07-18T13:58:31.996190" elapsed="0.185013"/>
</kw>
<kw name="Wait Until Element Is Visible" owner="SeleniumLibrary">
<arg>${employername}</arg>
<doc>Waits until the element ``locator`` is visible.</doc>
<status status="PASS" start="2024-07-18T13:58:32.184203" elapsed="0.049005"/>
</kw>
<kw name="Input Text" owner="SeleniumLibrary">
<msg time="2024-07-18T13:58:32.235208" level="INFO">Typing text 'BiBh sdfdfndsf acD' into text field 'xpath://input[@placeholder="Type for hints..."]'.</msg>
<arg>${employername}</arg>
<arg>${em}</arg>
<doc>Types the given ``text`` into the text field identified by ``locator``.</doc>
<status status="PASS" start="2024-07-18T13:58:32.234208" elapsed="0.228017"/>
</kw>
<kw name="Wait Until Element Is Visible" owner="SeleniumLibrary">
<arg>${passworduser}</arg>
<doc>Waits until the element ``locator`` is visible.</doc>
<status status="PASS" start="2024-07-18T13:58:32.467227" elapsed="0.040001"/>
</kw>
<kw name="Input Password" owner="SeleniumLibrary">
<msg time="2024-07-18T13:58:32.508228" level="INFO">Typing password into text field 'xpath://input[@class="oxd-input oxd-input--active" and @type="password"]'.</msg>
<msg time="2024-07-18T13:58:32.565233" level="INFO">Temporally setting log level to: NONE</msg>
<arg>${passworduser}</arg>
<arg>${motdepass}</arg>
<doc>Types the given password into the text field identified by ``locator``.</doc>
<status status="PASS" start="2024-07-18T13:58:32.508228" elapsed="0.246020"/>
</kw>
<kw name="Wait Until Element Is Visible" owner="SeleniumLibrary">
<arg>${confirmation}</arg>
<doc>Waits until the element ``locator`` is visible.</doc>
<status status="PASS" start="2024-07-18T13:58:32.758248" elapsed="0.050004"/>
</kw>
<kw name="Input Password" owner="SeleniumLibrary">
<msg time="2024-07-18T13:58:32.811252" level="INFO">Typing password into text field 'xpath://label[text()='Confirm Password']/following::input[@type='password'][1]'.</msg>
<msg time="2024-07-18T13:58:32.947263" level="INFO">Temporally setting log level to: NONE</msg>
<arg>${confirmation}</arg>
<arg>${motdepass}</arg>
<doc>Types the given password into the text field identified by ``locator``.</doc>
<status status="PASS" start="2024-07-18T13:58:32.810251" elapsed="0.298024"/>
</kw>
<kw name="Wait Until Element Is Visible" owner="SeleniumLibrary">
<arg>${save}</arg>
<doc>Waits until the element ``locator`` is visible.</doc>
<status status="PASS" start="2024-07-18T13:58:33.112277" elapsed="0.044999"/>
</kw>
<kw name="Click Element" owner="SeleniumLibrary">
<msg time="2024-07-18T13:58:33.158276" level="INFO">Clicking element 'xpath://button[@type="submit" and @class="oxd-button oxd-button--medium oxd-button--secondary orangehrm-left-space"]'.</msg>
<arg>${save}</arg>
<doc>Click the element identified by ``locator``.</doc>
<status status="PASS" start="2024-07-18T13:58:33.158276" elapsed="0.077009"/>
</kw>
<var name="${row}">['ESS', 'Disabled', 'BiBh sdfdfndsf acD', 'alisdcsdhs', 'sqdqgfqsf112']</var>
<status status="PASS" start="2024-07-18T13:58:29.129892" elapsed="4.108392"/>
</iter>
<var>${row}</var>
<value>@{table}</value>
<status status="PASS" start="2024-07-18T13:58:20.326922" elapsed="12.912368"/>
</for>
<status status="PASS" start="2024-07-18T13:58:20.301379" elapsed="12.940906"/>
</kw>
<kw name="Close Browser" owner="SeleniumLibrary">
<doc>Closes the current browser.</doc>
<status status="PASS" start="2024-07-18T13:58:33.245284" elapsed="3.123320"/>
</kw>
<doc>ajouter un utilisateur</doc>
<tag>aj</tag>
<status status="PASS" start="2024-07-18T13:58:13.848569" elapsed="22.523038"/>
</test>
<test id="s1-t5" name="rechercheruserok" line="36">
<kw name="openpage" owner="commun">
<kw name="Open Browser" owner="SeleniumLibrary">
<msg time="2024-07-18T13:58:36.385608" level="INFO">Opening browser 'chrome' to base url 'https://opensource-demo.orangehrmlive.com/web/index.php/auth/login'.</msg>
<arg>${url}</arg>
<arg>${browser}</arg>
<doc>Opens a new browser instance to the optional ``url``.</doc>
<status status="PASS" start="2024-07-18T13:58:36.384613" elapsed="4.357054"/>
</kw>
<kw name="Maximize Browser Window" owner="SeleniumLibrary">
<doc>Maximizes current browser window.</doc>
<status status="PASS" start="2024-07-18T13:58:40.748669" elapsed="0.058492"/>
</kw>
<status status="PASS" start="2024-07-18T13:58:36.383609" elapsed="4.424552"/>
</kw>
<kw name="loginok" owner="authentification">
<kw name="Wait Until Element Is Visible" owner="SeleniumLibrary">
<arg>${user}</arg>
<doc>Waits until the element ``locator`` is visible.</doc>
<status status="PASS" start="2024-07-18T13:58:40.814169" elapsed="0.543272"/>
</kw>
<kw name="Input Text" owner="SeleniumLibrary">
<msg time="2024-07-18T13:58:41.359439" level="INFO">Typing text 'admin' into text field 'xpath://input[@name='username']'.</msg>
<arg>${user}</arg>
<arg>${administareur}</arg>
<doc>Types the given ``text`` into the text field identified by ``locator``.</doc>
<status status="PASS" start="2024-07-18T13:58:41.358441" elapsed="0.367026"/>
</kw>
<kw name="Wait Until Element Is Visible" owner="SeleniumLibrary">
<arg>${password}</arg>
<doc>Waits until the element ``locator`` is visible.</doc>
<status status="PASS" start="2024-07-18T13:58:41.729468" elapsed="0.071005"/>
</kw>
<kw name="Input Password" owner="SeleniumLibrary">
<msg time="2024-07-18T13:58:41.802474" level="INFO">Typing password into text field 'xpath://input[@name='password']'.</msg>
<msg time="2024-07-18T13:58:41.874478" level="INFO">Temporally setting log level to: NONE</msg>
<arg>${password}</arg>
<arg>${motpass}</arg>
<doc>Types the given password into the text field identified by ``locator``.</doc>
<status status="PASS" start="2024-07-18T13:58:41.801473" elapsed="0.287031"/>
</kw>
<kw name="Click Element" owner="SeleniumLibrary">
<msg time="2024-07-18T13:58:42.092506" level="INFO">Clicking element 'xpath://button[@type='submit']'.</msg>
<arg>${seconnecter}</arg>
<doc>Click the element identified by ``locator``.</doc>
<status status="PASS" start="2024-07-18T13:58:42.091505" elapsed="1.411821"/>
</kw>
<kw name="Title Should Be" owner="SeleniumLibrary">
<msg time="2024-07-18T13:58:43.519327" level="INFO">Page title is 'OrangeHRM'.</msg>
<arg>OrangeHRM</arg>
<doc>Verifies that the current page title equals ``title``.</doc>
<status status="PASS" start="2024-07-18T13:58:43.506328" elapsed="0.013999"/>
</kw>
<status status="PASS" start="2024-07-18T13:58:40.811163" elapsed="2.711164"/>
</kw>
<kw name="search" owner="recherche">
<kw name="Wait Until Element Is Visible" owner="SeleniumLibrary">
<arg>${admin}</arg>
<doc>Waits until the element ``locator`` is visible.</doc>
<status status="PASS" start="2024-07-18T13:58:43.527327" elapsed="0.619352"/>
</kw>
<kw name="Click Element" owner="SeleniumLibrary">
<msg time="2024-07-18T13:58:44.148678" level="INFO">Clicking element 'Xpath://a[@href="/web/index.php/admin/viewAdminModule"]'.</msg>
<arg>${admin}</arg>
<doc>Click the element identified by ``locator``.</doc>
<status status="PASS" start="2024-07-18T13:58:44.147679" elapsed="1.926189"/>
</kw>
<kw name="Wait Until Element Is Visible" owner="SeleniumLibrary">
<arg>${uersearch}</arg>
<doc>Waits until the element ``locator`` is visible.</doc>
<status status="PASS" start="2024-07-18T13:58:46.078870" elapsed="0.487052"/>
</kw>
<kw name="Input Text" owner="SeleniumLibrary">
<msg time="2024-07-18T13:58:46.567921" level="INFO">Typing text 'Admin' into text field 'xpath://label[text()='Username']/following::input[@data-v-1f99f73c]'.</msg>
<arg>${uersearch}</arg>
<arg>Admin</arg>
<doc>Types the given ``text`` into the text field identified by ``locator``.</doc>
<status status="PASS" start="2024-07-18T13:58:46.567921" elapsed="0.247020"/>
</kw>
<kw name="Wait Until Element Is Visible" owner="SeleniumLibrary">
<arg>${btsearch}</arg>
<doc>Waits until the element ``locator`` is visible.</doc>
<status status="PASS" start="2024-07-18T13:58:46.816938" elapsed="0.050005"/>
</kw>
<kw name="Click Button" owner="SeleniumLibrary">
<msg time="2024-07-18T13:58:46.867942" level="INFO">Clicking button 'xpath://button[@type="submit" and @class="oxd-button oxd-button--medium oxd-button--secondary orangehrm-left-space"]'.</msg>
<arg>${btsearch}</arg>
<doc>Clicks the button identified by ``locator``.</doc>
<status status="PASS" start="2024-07-18T13:58:46.866943" elapsed="0.124008"/>
</kw>
<kw name="Wait Until Page Contains" owner="SeleniumLibrary">
<arg>Admin</arg>
<doc>Waits until ``text`` appears on the current page.</doc>
<status status="PASS" start="2024-07-18T13:58:46.996953" elapsed="0.036002"/>
</kw>
<status status="PASS" start="2024-07-18T13:58:43.526327" elapsed="3.507626"/>
</kw>
<kw name="Capture Page Screenshot" owner="SeleniumLibrary">
<msg time="2024-07-18T13:58:47.384230" level="INFO" html="true">&lt;/td&gt;&lt;/tr&gt;&lt;tr&gt;&lt;td colspan="3"&gt;&lt;a href="selenium-screenshot-25.png"&gt;&lt;img src="selenium-screenshot-25.png" width="800px"&gt;&lt;/a&gt;</msg>
<doc>Takes a screenshot of the current page and embeds it into a log file.</doc>
<status status="PASS" start="2024-07-18T13:58:47.034954" elapsed="0.350275"/>
</kw>
<kw name="Close Browser" owner="SeleniumLibrary">
<doc>Closes the current browser.</doc>
<status status="PASS" start="2024-07-18T13:58:47.389230" elapsed="3.315565"/>
</kw>
<doc>recherche d'un utilisateur</doc>
<tag>rech</tag>
<status status="PASS" start="2024-07-18T13:58:36.382609" elapsed="14.323188"/>
</test>
<test id="s1-t6" name="rechercheruserko" line="44">
<kw name="openpage" owner="commun">
<kw name="Open Browser" owner="SeleniumLibrary">
<msg time="2024-07-18T13:58:50.714802" level="INFO">Opening browser 'chrome' to base url 'https://opensource-demo.orangehrmlive.com/web/index.php/auth/login'.</msg>
<arg>${url}</arg>
<arg>${browser}</arg>
<doc>Opens a new browser instance to the optional ``url``.</doc>
<status status="PASS" start="2024-07-18T13:58:50.714802" elapsed="4.167900"/>
</kw>
<kw name="Maximize Browser Window" owner="SeleniumLibrary">
<doc>Maximizes current browser window.</doc>
<status status="PASS" start="2024-07-18T13:58:54.886701" elapsed="0.068003"/>
</kw>
<status status="PASS" start="2024-07-18T13:58:50.713798" elapsed="4.241907"/>
</kw>
<kw name="loginok" owner="authentification">
<kw name="Wait Until Element Is Visible" owner="SeleniumLibrary">
<arg>${user}</arg>
<doc>Waits until the element ``locator`` is visible.</doc>
<status status="PASS" start="2024-07-18T13:58:54.959703" elapsed="0.726957"/>
</kw>
<kw name="Input Text" owner="SeleniumLibrary">
<msg time="2024-07-18T13:58:55.688659" level="INFO">Typing text 'admin' into text field 'xpath://input[@name='username']'.</msg>
<arg>${user}</arg>
<arg>${administareur}</arg>
<doc>Types the given ``text`` into the text field identified by ``locator``.</doc>
<status status="PASS" start="2024-07-18T13:58:55.687659" elapsed="0.279020"/>
</kw>
<kw name="Wait Until Element Is Visible" owner="SeleniumLibrary">
<arg>${password}</arg>
<doc>Waits until the element ``locator`` is visible.</doc>
<status status="PASS" start="2024-07-18T13:58:55.969680" elapsed="0.055004"/>
</kw>
<kw name="Input Password" owner="SeleniumLibrary">
<msg time="2024-07-18T13:58:56.026683" level="INFO">Typing password into text field 'xpath://input[@name='password']'.</msg>
<msg time="2024-07-18T13:58:56.133694" level="INFO">Temporally setting log level to: NONE</msg>
<arg>${password}</arg>
<arg>${motpass}</arg>
<doc>Types the given password into the text field identified by ``locator``.</doc>
<status status="PASS" start="2024-07-18T13:58:56.025684" elapsed="0.339027"/>
</kw>
<kw name="Click Element" owner="SeleniumLibrary">
<msg time="2024-07-18T13:58:56.368711" level="INFO">Clicking element 'xpath://button[@type='submit']'.</msg>
<arg>${seconnecter}</arg>
<doc>Click the element identified by ``locator``.</doc>
<status status="PASS" start="2024-07-18T13:58:56.367711" elapsed="1.705076"/>
</kw>
<kw name="Title Should Be" owner="SeleniumLibrary">
<msg time="2024-07-18T13:58:58.093784" level="INFO">Page title is 'OrangeHRM'.</msg>
<arg>OrangeHRM</arg>
<doc>Verifies that the current page title equals ``title``.</doc>
<status status="PASS" start="2024-07-18T13:58:58.077785" elapsed="0.015999"/>
</kw>
<status status="PASS" start="2024-07-18T13:58:54.958703" elapsed="3.138082"/>
</kw>
<kw name="searchko" owner="recherche">
<kw name="Wait Until Element Is Visible" owner="SeleniumLibrary">
<arg>${admin}</arg>
<doc>Waits until the element ``locator`` is visible.</doc>
<status status="PASS" start="2024-07-18T13:58:58.100787" elapsed="0.797460"/>
</kw>
<kw name="Click Element" owner="SeleniumLibrary">
<msg time="2024-07-18T13:58:58.900248" level="INFO">Clicking element 'Xpath://a[@href="/web/index.php/admin/viewAdminModule"]'.</msg>
<arg>${admin}</arg>
<doc>Click the element identified by ``locator``.</doc>
<status status="PASS" start="2024-07-18T13:58:58.900248" elapsed="1.795018"/>
</kw>
<kw name="Wait Until Element Is Visible" owner="SeleniumLibrary">
<arg>${uersearch}</arg>
<doc>Waits until the element ``locator`` is visible.</doc>
<status status="PASS" start="2024-07-18T13:59:00.700269" elapsed="0.490381"/>
</kw>
<kw name="Input Text" owner="SeleniumLibrary">
<msg time="2024-07-18T13:59:01.191650" level="INFO">Typing text 'aeeaeea' into text field 'xpath://label[text()='Username']/following::input[@data-v-1f99f73c]'.</msg>
<arg>${uersearch}</arg>
<arg>aeeaeea</arg>
<doc>Types the given ``text`` into the text field identified by ``locator``.</doc>
<status status="PASS" start="2024-07-18T13:59:01.191650" elapsed="0.235026"/>
</kw>
<kw name="Wait Until Element Is Visible" owner="SeleniumLibrary">
<arg>${btsearch}</arg>
<doc>Waits until the element ``locator`` is visible.</doc>
<status status="PASS" start="2024-07-18T13:59:01.429676" elapsed="0.052375"/>
</kw>
<kw name="Click Button" owner="SeleniumLibrary">
<msg time="2024-07-18T13:59:01.484050" level="INFO">Clicking button 'xpath://button[@type="submit" and @class="oxd-button oxd-button--medium oxd-button--secondary orangehrm-left-space"]'.</msg>
<arg>${btsearch}</arg>
<doc>Clicks the button identified by ``locator``.</doc>
<status status="PASS" start="2024-07-18T13:59:01.483050" elapsed="0.126010"/>
</kw>
<kw name="Page Should Not Contain" owner="SeleniumLibrary">
<msg time="2024-07-18T13:59:01.678067" level="INFO">Current page does not contain text 'aeeaeea'.</msg>
<arg>aeeaeea</arg>
<doc>Verifies the current page does not contain ``text``.</doc>
<status status="PASS" start="2024-07-18T13:59:01.612061" elapsed="0.066006"/>
</kw>
<status status="PASS" start="2024-07-18T13:58:58.098787" elapsed="3.582281"/>
</kw>
<kw name="Close Browser" owner="SeleniumLibrary">
<doc>Closes the current browser.</doc>
<status status="PASS" start="2024-07-18T13:59:01.683066" elapsed="3.055532"/>
</kw>
<doc>recherche d'un utilisateur</doc>
<tag>rechko</tag>
<status status="PASS" start="2024-07-18T13:58:50.712795" elapsed="14.027807"/>
</test>
<test id="s1-t7" name="restuser" line="51">
<kw name="openpage" owner="commun">
<kw name="Open Browser" owner="SeleniumLibrary">
<msg time="2024-07-18T13:59:04.753603" level="INFO">Opening browser 'chrome' to base url 'https://opensource-demo.orangehrmlive.com/web/index.php/auth/login'.</msg>
<arg>${url}</arg>
<arg>${browser}</arg>
<doc>Opens a new browser instance to the optional ``url``.</doc>
<status status="PASS" start="2024-07-18T13:59:04.751601" elapsed="4.027433"/>
</kw>
<kw name="Maximize Browser Window" owner="SeleniumLibrary">
<doc>Maximizes current browser window.</doc>
<status status="PASS" start="2024-07-18T13:59:08.784032" elapsed="0.070829"/>
</kw>
<status status="PASS" start="2024-07-18T13:59:04.749601" elapsed="4.107260"/>
</kw>
<kw name="loginok" owner="authentification">
<kw name="Wait Until Element Is Visible" owner="SeleniumLibrary">
<arg>${user}</arg>
<doc>Waits until the element ``locator`` is visible.</doc>
<status status="PASS" start="2024-07-18T13:59:08.858863" elapsed="0.644047"/>
</kw>
<kw name="Input Text" owner="SeleniumLibrary">
<msg time="2024-07-18T13:59:09.504912" level="INFO">Typing text 'admin' into text field 'xpath://input[@name='username']'.</msg>
<arg>${user}</arg>
<arg>${administareur}</arg>
<doc>Types the given ``text`` into the text field identified by ``locator``.</doc>
<status status="PASS" start="2024-07-18T13:59:09.503910" elapsed="0.241019"/>
</kw>
<kw name="Wait Until Element Is Visible" owner="SeleniumLibrary">
<arg>${password}</arg>
<doc>Waits until the element ``locator`` is visible.</doc>
<status status="PASS" start="2024-07-18T13:59:09.747929" elapsed="0.067005"/>
</kw>
<kw name="Input Password" owner="SeleniumLibrary">
<msg time="2024-07-18T13:59:09.816936" level="INFO">Typing password into text field 'xpath://input[@name='password']'.</msg>
<msg time="2024-07-18T13:59:09.899940" level="INFO">Temporally setting log level to: NONE</msg>
<arg>${password}</arg>
<arg>${motpass}</arg>
<doc>Types the given password into the text field identified by ``locator``.</doc>
<status status="PASS" start="2024-07-18T13:59:09.815933" elapsed="0.410228"/>
</kw>
<kw name="Click Element" owner="SeleniumLibrary">
<msg time="2024-07-18T13:59:10.230160" level="INFO">Clicking element 'xpath://button[@type='submit']'.</msg>
<arg>${seconnecter}</arg>
<doc>Click the element identified by ``locator``.</doc>
<status status="PASS" start="2024-07-18T13:59:10.229161" elapsed="1.177780"/>
</kw>
<kw name="Title Should Be" owner="SeleniumLibrary">
<msg time="2024-07-18T13:59:11.420941" level="INFO">Page title is 'OrangeHRM'.</msg>
<arg>OrangeHRM</arg>
<doc>Verifies that the current page title equals ``title``.</doc>
<status status="PASS" start="2024-07-18T13:59:11.409941" elapsed="0.012002"/>
</kw>
<status status="PASS" start="2024-07-18T13:59:08.857861" elapsed="2.568084"/>
</kw>
<kw name="reset" owner="recherche">
<kw name="Wait Until Element Is Visible" owner="SeleniumLibrary">
<arg>${admin}</arg>
<doc>Waits until the element ``locator`` is visible.</doc>
<status status="PASS" start="2024-07-18T13:59:11.431941" elapsed="0.634498"/>
</kw>
<kw name="Click Element" owner="SeleniumLibrary">
<msg time="2024-07-18T13:59:12.067438" level="INFO">Clicking element 'Xpath://a[@href="/web/index.php/admin/viewAdminModule"]'.</msg>
<arg>${admin}</arg>
<doc>Click the element identified by ``locator``.</doc>
<status status="PASS" start="2024-07-18T13:59:12.067438" elapsed="1.072082"/>
</kw>
<kw name="Wait Until Element Is Visible" owner="SeleniumLibrary">
<arg>${uersearch}</arg>
<doc>Waits until the element ``locator`` is visible.</doc>
<status status="PASS" start="2024-07-18T13:59:13.142520" elapsed="0.611083"/>
</kw>
<kw name="Input Text" owner="SeleniumLibrary">
<msg time="2024-07-18T13:59:13.755604" level="INFO">Typing text 'Admin' into text field 'xpath://label[text()='Username']/following::input[@data-v-1f99f73c]'.</msg>
<arg>${uersearch}</arg>
<arg>Admin</arg>
<doc>Types the given ``text`` into the text field identified by ``locator``.</doc>
<status status="PASS" start="2024-07-18T13:59:13.754603" elapsed="0.248026"/>
</kw>
<kw name="Wait Until Element Is Visible" owner="SeleniumLibrary">
<arg>${role}</arg>
<doc>Waits until the element ``locator`` is visible.</doc>
<status status="PASS" start="2024-07-18T13:59:14.008630" elapsed="0.057004"/>
</kw>
<kw name="Click Element" owner="SeleniumLibrary">
<msg time="2024-07-18T13:59:14.068637" level="INFO">Clicking element 'xpath://div[@class="oxd-select-text-input"]'.</msg>
<arg>${role}</arg>
<doc>Click the element identified by ``locator``.</doc>
<status status="PASS" start="2024-07-18T13:59:14.067633" elapsed="0.090010"/>
</kw>
<kw name="Wait Until Element Is Visible" owner="SeleniumLibrary">
<arg>${Administra}</arg>
<doc>Waits until the element ``locator`` is visible.</doc>
<status status="PASS" start="2024-07-18T13:59:14.161644" elapsed="0.047001"/>
</kw>
<kw name="Click Element" owner="SeleniumLibrary">
<msg time="2024-07-18T13:59:14.210644" level="INFO">Clicking element 'xpath://*[contains(text(),"Admin")]'.</msg>
<arg>${Administra}</arg>
<doc>Click the element identified by ``locator``.</doc>
<status status="PASS" start="2024-07-18T13:59:14.209646" elapsed="0.084005"/>
</kw>
<kw name="Wait Until Element Is Visible" owner="SeleniumLibrary">
<arg>${employername}</arg>
<doc>Waits until the element ``locator`` is visible.</doc>
<status status="PASS" start="2024-07-18T13:59:14.296651" elapsed="0.044003"/>
</kw>
<kw name="Input Text" owner="SeleniumLibrary">
<msg time="2024-07-18T13:59:14.341655" level="INFO">Typing text 'alalaa' into text field 'xpath://input[@placeholder="Type for hints..."]'.</msg>
<arg>${employername}</arg>
<arg>alalaa</arg>
<doc>Types the given ``text`` into the text field identified by ``locator``.</doc>
<status status="PASS" start="2024-07-18T13:59:14.341655" elapsed="0.158013"/>
</kw>
<kw name="Wait Until Element Is Visible" owner="SeleniumLibrary">
<arg>${userstat}</arg>
<doc>Waits until the element ``locator`` is visible.</doc>
<status status="PASS" start="2024-07-18T13:59:14.508411" elapsed="0.039001"/>
</kw>
<kw name="Click Element" owner="SeleniumLibrary">
<msg time="2024-07-18T13:59:14.549410" level="INFO">Clicking element 'xpath://div[@class="oxd-select-text-input" and contains(text(), "-- Select --")]'.</msg>
<arg>${userstat}</arg>
<doc>Click the element identified by ``locator``.</doc>
<status status="PASS" start="2024-07-18T13:59:14.548410" elapsed="0.066007"/>
</kw>
<kw name="Wait Until Element Is Visible" owner="SeleniumLibrary">
<arg>${enabled}</arg>
<doc>Waits until the element ``locator`` is visible.</doc>
<status status="PASS" start="2024-07-18T13:59:14.616417" elapsed="0.043003"/>
</kw>
<kw name="Click Element" owner="SeleniumLibrary">
<msg time="2024-07-18T13:59:14.661418" level="INFO">Clicking element 'xpath://*[contains(text(),"Enabled")]'.</msg>
<arg>${enabled}</arg>
<doc>Click the element identified by ``locator``.</doc>
<status status="PASS" start="2024-07-18T13:59:14.660418" elapsed="0.079010"/>
</kw>
<kw name="Wait Until Element Is Visible" owner="SeleniumLibrary">
<arg>${reset}</arg>
<doc>Waits until the element ``locator`` is visible.</doc>
<status status="PASS" start="2024-07-18T13:59:14.742427" elapsed="0.043004"/>
</kw>
<kw name="Click Button" owner="SeleniumLibrary">
<msg time="2024-07-18T13:59:14.788430" level="INFO">Clicking button 'xpath://button[@type="button" and @class="oxd-button oxd-button--medium oxd-button--ghost"]'.</msg>
<arg>${reset}</arg>
<doc>Clicks the button identified by ``locator``.</doc>
<status status="PASS" start="2024-07-18T13:59:14.786433" elapsed="0.159009"/>
</kw>
<kw name="Get Element Attribute" owner="SeleniumLibrary">
<msg time="2024-07-18T13:59:14.948443" level="WARN">Keyword 'Get Element Attribute' found both from a custom library 'SeleniumLibrary' and a standard library 'XML'. The custom keyword is used. To select explicitly, and to get rid of this warning, use either 'SeleniumLibrary.Get Element Attribute' or 'XML.Get Element Attribute'.</msg>
<msg time="2024-07-18T13:59:14.995448" level="INFO">${value} = None</msg>
<var>${value}</var>
<arg>${uersearch}</arg>
<arg>jffghfghfh</arg>
<doc>Returns the value of ``attribute`` from the element ``locator``.</doc>
<status status="PASS" start="2024-07-18T13:59:14.948443" elapsed="0.047005"/>
</kw>
<kw name="Get Element Attribute" owner="SeleniumLibrary">
<msg time="2024-07-18T13:59:14.999448" level="WARN">Keyword 'Get Element Attribute' found both from a custom library 'SeleniumLibrary' and a standard library 'XML'. The custom keyword is used. To select explicitly, and to get rid of this warning, use either 'SeleniumLibrary.Get Element Attribute' or 'XML.Get Element Attribute'.</msg>
<msg time="2024-07-18T13:59:15.064452" level="INFO">${vemp} = None</msg>
<var>${vemp}</var>
<arg>${employername}</arg>
<arg>eee</arg>
<doc>Returns the value of ``attribute`` from the element ``locator``.</doc>
<status status="PASS" start="2024-07-18T13:59:14.999448" elapsed="0.065004"/>
</kw>
<kw name="Get Element Attribute" owner="SeleniumLibrary">
<msg time="2024-07-18T13:59:15.067453" level="WARN">Keyword 'Get Element Attribute' found both from a custom library 'SeleniumLibrary' and a standard library 'XML'. The custom keyword is used. To select explicitly, and to get rid of this warning, use either 'SeleniumLibrary.Get Element Attribute' or 'XML.Get Element Attribute'.</msg>
<msg time="2024-07-18T13:59:15.119461" level="INFO">${vstat} = None</msg>
<var>${vstat}</var>
<arg>${status}</arg>
<arg>ssss</arg>
<doc>Returns the value of ``attribute`` from the element ``locator``.</doc>
<status status="PASS" start="2024-07-18T13:59:15.068452" elapsed="0.051009"/>
</kw>
<kw name="Get Element Attribute" owner="SeleniumLibrary">
<msg time="2024-07-18T13:59:15.123458" level="WARN">Keyword 'Get Element Attribute' found both from a custom library 'SeleniumLibrary' and a standard library 'XML'. The custom keyword is used. To select explicitly, and to get rid of this warning, use either 'SeleniumLibrary.Get Element Attribute' or 'XML.Get Element Attribute'.</msg>
<msg time="2024-07-18T13:59:15.196462" level="INFO">${vrole} = None</msg>
<var>${vrole}</var>
<arg>${role}</arg>
<arg>rrrr</arg>
<doc>Returns the value of ``attribute`` from the element ``locator``.</doc>
<status status="PASS" start="2024-07-18T13:59:15.123458" elapsed="0.073004"/>
</kw>
<kw name="Should Be Equal" owner="BuiltIn">
<arg>${value}</arg>
<arg>${None}</arg>
<doc>Fails if the given objects are unequal.</doc>
<status status="PASS" start="2024-07-18T13:59:15.199461" elapsed="0.000999"/>
</kw>
<kw name="Should Be Equal" owner="BuiltIn">
<arg>${vemp}</arg>
<arg>${None}</arg>
<doc>Fails if the given objects are unequal.</doc>
<status status="PASS" start="2024-07-18T13:59:15.201460" elapsed="0.001004"/>
</kw>
<kw name="Should Be Equal" owner="BuiltIn">
<arg>${vstat}</arg>
<arg>${None}</arg>
<doc>Fails if the given objects are unequal.</doc>
<status status="PASS" start="2024-07-18T13:59:15.204464" elapsed="0.001000"/>
</kw>
<kw name="Should Be Equal" owner="BuiltIn">
<arg>${vrole}</arg>
<arg>${None}</arg>
<doc>Fails if the given objects are unequal.</doc>
<status status="PASS" start="2024-07-18T13:59:15.206460" elapsed="0.000000"/>
</kw>
<status status="PASS" start="2024-07-18T13:59:11.429945" elapsed="3.777515"/>
</kw>
<kw name="Close Browser" owner="SeleniumLibrary">
<doc>Closes the current browser.</doc>
<status status="PASS" start="2024-07-18T13:59:15.209462" elapsed="3.096034"/>
</kw>
<doc>reset des informations de recherche</doc>
<tag>Haute</tag>
<status status="PASS" start="2024-07-18T13:59:04.748603" elapsed="13.558893"/>
</test>
<status status="PASS" start="2024-07-18T13:57:45.059795" elapsed="93.257701"/>
</suite>
<statistics>
<total>
<stat pass="7" fail="0" skip="0">All Tests</stat>
</total>
<tag>
<stat pass="1" fail="0" skip="0">aj</stat>
<stat pass="1" fail="0" skip="0">Haute</stat>
<stat pass="2" fail="0" skip="0">ko</stat>
<stat pass="1" fail="0" skip="0">rech</stat>
<stat pass="1" fail="0" skip="0">rechko</stat>
<stat pass="1" fail="0" skip="0">smokeo</stat>
</tag>
<suite>
<stat pass="7" fail="0" skip="0" id="s1" name="Pageobject">Pageobject</stat>
</suite>
</statistics>
<errors>
<msg time="2024-07-18T13:59:14.948443" level="WARN">Keyword 'Get Element Attribute' found both from a custom library 'SeleniumLibrary' and a standard library 'XML'. The custom keyword is used. To select explicitly, and to get rid of this warning, use either 'SeleniumLibrary.Get Element Attribute' or 'XML.Get Element Attribute'.</msg>
<msg time="2024-07-18T13:59:14.999448" level="WARN">Keyword 'Get Element Attribute' found both from a custom library 'SeleniumLibrary' and a standard library 'XML'. The custom keyword is used. To select explicitly, and to get rid of this warning, use either 'SeleniumLibrary.Get Element Attribute' or 'XML.Get Element Attribute'.</msg>
<msg time="2024-07-18T13:59:15.067453" level="WARN">Keyword 'Get Element Attribute' found both from a custom library 'SeleniumLibrary' and a standard library 'XML'. The custom keyword is used. To select explicitly, and to get rid of this warning, use either 'SeleniumLibrary.Get Element Attribute' or 'XML.Get Element Attribute'.</msg>
<msg time="2024-07-18T13:59:15.123458" level="WARN">Keyword 'Get Element Attribute' found both from a custom library 'SeleniumLibrary' and a standard library 'XML'. The custom keyword is used. To select explicitly, and to get rid of this warning, use either 'SeleniumLibrary.Get Element Attribute' or 'XML.Get Element Attribute'.</msg>
</errors>
</robot>
