<?xml version="1.0" encoding="UTF-8"?>
<robot generator="Robot 7.0 (Python 3.11.0 on win32)" generated="2024-07-18T09:46:34.605878" rpa="false" schemaversion="5">
<suite id="s1" name="Pageobject" source="C:\application\test\pageobject.robot">
<test id="s1-t1" name="authentkop" line="17">
<kw name="openpage" owner="commun">
<kw name="Open Browser" owner="SeleniumLibrary">
<msg time="2024-07-18T09:46:35.253137" level="INFO">Opening browser 'chrome' to base url 'https://opensource-demo.orangehrmlive.com/web/index.php/auth/login'.</msg>
<arg>${url}</arg>
<arg>${browser}</arg>
<doc>Opens a new browser instance to the optional ``url``.</doc>
<status status="PASS" start="2024-07-18T09:46:35.253137" elapsed="4.737888"/>
</kw>
<kw name="Maximize Browser Window" owner="SeleniumLibrary">
<doc>Maximizes current browser window.</doc>
<status status="PASS" start="2024-07-18T09:46:39.991025" elapsed="0.069354"/>
</kw>
<status status="PASS" start="2024-07-18T09:46:35.253137" elapsed="4.808239"/>
</kw>
<kw name="loginkopassword" owner="authentification">
<kw name="Wait Until Element Is Visible" owner="SeleniumLibrary">
<arg>${user}</arg>
<doc>Waits until the element ``locator`` is visible.</doc>
<status status="PASS" start="2024-07-18T09:46:40.064295" elapsed="0.625390"/>
</kw>
<kw name="Input Text" owner="SeleniumLibrary">
<msg time="2024-07-18T09:46:40.689685" level="INFO">Typing text 'admin' into text field 'xpath://input[@name='username']'.</msg>
<arg>${user}</arg>
<arg>${administareur}</arg>
<doc>Types the given ``text`` into the text field identified by ``locator``.</doc>
<status status="PASS" start="2024-07-18T09:46:40.689685" elapsed="0.240450"/>
</kw>
<kw name="Wait Until Element Is Visible" owner="SeleniumLibrary">
<arg>${password}</arg>
<doc>Waits until the element ``locator`` is visible.</doc>
<status status="PASS" start="2024-07-18T09:46:40.930135" elapsed="0.078138"/>
</kw>
<kw name="Input Password" owner="SeleniumLibrary">
<msg time="2024-07-18T09:46:41.008273" level="INFO">Typing password into text field 'xpath://input[@name='password']'.</msg>
<msg time="2024-07-18T09:46:41.070786" level="INFO">Temporally setting log level to: NONE</msg>
<arg>${password}</arg>
<arg>aaaa</arg>
<doc>Types the given password into the text field identified by ``locator``.</doc>
<status status="PASS" start="2024-07-18T09:46:41.008273" elapsed="0.245242"/>
</kw>
<kw name="Click Element" owner="SeleniumLibrary">
<msg time="2024-07-18T09:46:41.253515" level="INFO">Clicking element 'xpath://button[@type='submit']'.</msg>
<arg>${seconnecter}</arg>
<doc>Click the element identified by ``locator``.</doc>
<status status="PASS" start="2024-07-18T09:46:41.253515" elapsed="1.000955"/>
</kw>
<kw name="Wait Until Page Contains" owner="SeleniumLibrary">
<arg>Invalid credentials</arg>
<doc>Waits until ``text`` appears on the current page.</doc>
<status status="PASS" start="2024-07-18T09:46:42.255470" elapsed="0.252151"/>
</kw>
<status status="PASS" start="2024-07-18T09:46:40.064295" elapsed="2.443326"/>
</kw>
<kw name="Close Browser" owner="SeleniumLibrary">
<doc>Closes the current browser.</doc>
<status status="PASS" start="2024-07-18T09:46:42.509620" elapsed="3.123940"/>
</kw>
<doc>mot de passe invalide</doc>
<tag>ko</tag>
<status status="PASS" start="2024-07-18T09:46:35.253137" elapsed="10.380423"/>
</test>
<test id="s1-t2" name="auhentkouser" line="23">
<kw name="openpage" owner="commun">
<kw name="Open Browser" owner="SeleniumLibrary">
<msg time="2024-07-18T09:46:45.633560" level="INFO">Opening browser 'chrome' to base url 'https://opensource-demo.orangehrmlive.com/web/index.php/auth/login'.</msg>
<arg>${url}</arg>
<arg>${browser}</arg>
<doc>Opens a new browser instance to the optional ``url``.</doc>
<status status="PASS" start="2024-07-18T09:46:45.633560" elapsed="4.260939"/>
</kw>
<kw name="Maximize Browser Window" owner="SeleniumLibrary">
<doc>Maximizes current browser window.</doc>
<status status="PASS" start="2024-07-18T09:46:49.894499" elapsed="0.066772"/>
</kw>
<status status="PASS" start="2024-07-18T09:46:45.633560" elapsed="4.327711"/>
</kw>
<kw name="loginkouser" owner="authentification">
<kw name="Wait Until Element Is Visible" owner="SeleniumLibrary">
<arg>${user}</arg>
<doc>Waits until the element ``locator`` is visible.</doc>
<status status="PASS" start="2024-07-18T09:46:49.966269" elapsed="0.664818"/>
</kw>
<kw name="Input Text" owner="SeleniumLibrary">
<msg time="2024-07-18T09:46:50.631087" level="INFO">Typing text 'bbbbb' into text field 'xpath://input[@name='username']'.</msg>
<arg>${user}</arg>
<arg>bbbbb</arg>
<doc>Types the given ``text`` into the text field identified by ``locator``.</doc>
<status status="PASS" start="2024-07-18T09:46:50.631087" elapsed="0.344830"/>
</kw>
<kw name="Wait Until Element Is Visible" owner="SeleniumLibrary">
<arg>${password}</arg>
<doc>Waits until the element ``locator`` is visible.</doc>
<status status="PASS" start="2024-07-18T09:46:50.975917" elapsed="0.062510"/>
</kw>
<kw name="Input Password" owner="SeleniumLibrary">
<msg time="2024-07-18T09:46:51.038427" level="INFO">Typing password into text field 'xpath://input[@name='password']'.</msg>
<msg time="2024-07-18T09:46:51.134464" level="INFO">Temporally setting log level to: NONE</msg>
<arg>${password}</arg>
<arg>aaaa</arg>
<doc>Types the given password into the text field identified by ``locator``.</doc>
<status status="PASS" start="2024-07-18T09:46:51.038427" elapsed="0.291880"/>
</kw>
<kw name="Click Element" owner="SeleniumLibrary">
<msg time="2024-07-18T09:46:51.330307" level="INFO">Clicking element 'xpath://button[@type='submit']'.</msg>
<arg>${seconnecter}</arg>
<doc>Click the element identified by ``locator``.</doc>
<status status="PASS" start="2024-07-18T09:46:51.330307" elapsed="0.756940"/>
</kw>
<kw name="Wait Until Page Contains" owner="SeleniumLibrary">
<arg>Invalid credentials</arg>
<doc>Waits until ``text`` appears on the current page.</doc>
<status status="PASS" start="2024-07-18T09:46:52.087247" elapsed="0.337783"/>
</kw>
<status status="PASS" start="2024-07-18T09:46:49.964271" elapsed="2.460759"/>
</kw>
<kw name="Close Browser" owner="SeleniumLibrary">
<doc>Closes the current browser.</doc>
<status status="PASS" start="2024-07-18T09:46:52.427027" elapsed="2.632439"/>
</kw>
<doc>user non existent</doc>
<tag>ko</tag>
<status status="PASS" start="2024-07-18T09:46:45.633560" elapsed="9.425906"/>
</test>
<status status="PASS" start="2024-07-18T09:46:34.605878" elapsed="20.453588"/>
</suite>
<statistics>
<total>
<stat pass="2" fail="0" skip="0">All Tests</stat>
</total>
<tag>
<stat pass="2" fail="0" skip="0">ko</stat>
</tag>
<suite>
<stat pass="2" fail="0" skip="0" id="s1" name="Pageobject">Pageobject</stat>
</suite>
</statistics>
<errors>
</errors>
</robot>
